<?xml version="1.0" encoding="UTF-8"?>
<!-- Generated by org.testng.reporters.JUnitXMLReporter -->
<testsuite ignored="0" hostname="codespaces-3ad34d" failures="0" tests="25" name="Surefire test" time="0.106" errors="0" timestamp="2026-02-27T17:24:53 UTC">
  <testcase classname="PasswordValidatorTest" name="noLowercaseLetter" time="0.008"/>
  <testcase classname="PasswordValidatorTest" name="noNumber" time="0.0"/>
  <testcase classname="PasswordValidatorTest" name="noSpecialCharacter" time="0.001"/>
  <testcase classname="PasswordValidatorTest" name="noUppercaseLetter" time="0.001"/>
  <testcase classname="PasswordValidatorTest" name="passwordAtMinimumLength" time="0.0"/>
  <testcase classname="PasswordValidatorTest" name="passwordStartsWithSpecialCharacter" time="0.0"/>
  <testcase classname="PasswordValidatorTest" name="passwordTooLong" time="0.0"/>
  <testcase classname="PasswordValidatorTest" name="passwordTooShort" time="0.001"/>
  <testcase classname="PasswordValidatorTest" name="validPassword" time="0.0"/>
  <testcase classname="LoginValidatorTest" name="bothEmpty" time="0.001"/>
  <testcase classname="LoginValidatorTest" name="correctUsernameWrongPassword" time="0.001"/>
  <testcase classname="LoginValidatorTest" name="emptyPassword" time="0.001"/>
  <testcase classname="LoginValidatorTest" name="emptyUsername" time="0.0"/>
  <testcase classname="LoginValidatorTest" name="passwordTooShort" time="0.001"/>
  <testcase classname="LoginValidatorTest" name="sqlInjectionAttempt" time="0.0"/>
  <testcase classname="LoginValidatorTest" name="usernameContainsInvalidCharacter" time="0.001"/>
  <testcase classname="LoginValidatorTest" name="usernameContainsSpace" time="0.001"/>
  <testcase classname="LoginValidatorTest" name="usernameInAllCaps" time="0.001"/>
  <testcase classname="LoginValidatorTest" name="usernameInMixedCase" time="0.0"/>
  <testcase classname="LoginValidatorTest" name="usernameStartsWithSpecialCharacter" time="0.0"/>
  <testcase classname="LoginValidatorTest" name="usernameTooLong" time="0.0"/>
  <testcase classname="LoginValidatorTest" name="usernameTooShort" time="0.001"/>
  <testcase classname="LoginValidatorTest" name="validUsernameAndPassword" time="0.0"/>
  <testcase classname="LoginValidatorTest" name="wrongUsernameAndPassword" time="0.002"/>
  <testcase classname="LoginValidatorTest" name="wrongUsernameCorrectPassword" time="0.0"/>
</testsuite> <!-- Surefire test -->
