<?xml version="1.0" encoding="UTF-8"?>
<testng-results ignored="0" total="25" passed="25" failed="0" skipped="0">
  <reporter-output>
  </reporter-output>
  <suite started-at="2026-02-27T17:24:53 UTC" name="Surefire suite" finished-at="2026-02-27T17:24:53 UTC" duration-ms="106">
    <groups>
      <group name="security">
        <method signature="LoginValidatorTest.sqlInjectionAttempt()[pri:0, instance:LoginValidatorTest@1188e820]" name="sqlInjectionAttempt" class="LoginValidatorTest"/>
      </group> <!-- security -->
      <group name="empty_fields">
        <method signature="LoginValidatorTest.bothEmpty()[pri:0, instance:LoginValidatorTest@1188e820]" name="bothEmpty" class="LoginValidatorTest"/>
        <method signature="LoginValidatorTest.emptyPassword()[pri:0, instance:LoginValidatorTest@1188e820]" name="emptyPassword" class="LoginValidatorTest"/>
        <method signature="LoginValidatorTest.emptyUsername()[pri:0, instance:LoginValidatorTest@1188e820]" name="emptyUsername" class="LoginValidatorTest"/>
      </group> <!-- empty_fields -->
      <group name="special_characters">
        <method signature="LoginValidatorTest.usernameContainsInvalidCharacter()[pri:0, instance:LoginValidatorTest@1188e820]" name="usernameContainsInvalidCharacter" class="LoginValidatorTest"/>
        <method signature="LoginValidatorTest.usernameContainsSpace()[pri:0, instance:LoginValidatorTest@1188e820]" name="usernameContainsSpace" class="LoginValidatorTest"/>
        <method signature="LoginValidatorTest.usernameStartsWithSpecialCharacter()[pri:0, instance:LoginValidatorTest@1188e820]" name="usernameStartsWithSpecialCharacter" class="LoginValidatorTest"/>
        <method signature="PasswordValidatorTest.passwordStartsWithSpecialCharacter()[pri:0, instance:PasswordValidatorTest@3d8314f0]" name="passwordStartsWithSpecialCharacter" class="PasswordValidatorTest"/>
      </group> <!-- special_characters -->
      <group name="length_validation">
        <method signature="LoginValidatorTest.passwordTooShort()[pri:0, instance:LoginValidatorTest@1188e820]" name="passwordTooShort" class="LoginValidatorTest"/>
        <method signature="LoginValidatorTest.usernameTooLong()[pri:0, instance:LoginValidatorTest@1188e820]" name="usernameTooLong" class="LoginValidatorTest"/>
        <method signature="LoginValidatorTest.usernameTooShort()[pri:0, instance:LoginValidatorTest@1188e820]" name="usernameTooShort" class="LoginValidatorTest"/>
        <method signature="PasswordValidatorTest.passwordAtMinimumLength()[pri:0, instance:PasswordValidatorTest@3d8314f0]" name="passwordAtMinimumLength" class="PasswordValidatorTest"/>
        <method signature="PasswordValidatorTest.passwordTooLong()[pri:0, instance:PasswordValidatorTest@3d8314f0]" name="passwordTooLong" class="PasswordValidatorTest"/>
        <method signature="PasswordValidatorTest.passwordTooShort()[pri:0, instance:PasswordValidatorTest@3d8314f0]" name="passwordTooShort" class="PasswordValidatorTest"/>
      </group> <!-- length_validation -->
      <group name="wrong_credentials">
        <method signature="LoginValidatorTest.correctUsernameWrongPassword()[pri:0, instance:LoginValidatorTest@1188e820]" name="correctUsernameWrongPassword" class="LoginValidatorTest"/>
        <method signature="LoginValidatorTest.wrongUsernameAndPassword()[pri:0, instance:LoginValidatorTest@1188e820]" name="wrongUsernameAndPassword" class="LoginValidatorTest"/>
        <method signature="LoginValidatorTest.wrongUsernameCorrectPassword()[pri:0, instance:LoginValidatorTest@1188e820]" name="wrongUsernameCorrectPassword" class="LoginValidatorTest"/>
      </group> <!-- wrong_credentials -->
      <group name="complexity_validation">
        <method signature="PasswordValidatorTest.noLowercaseLetter()[pri:0, instance:PasswordValidatorTest@3d8314f0]" name="noLowercaseLetter" class="PasswordValidatorTest"/>
        <method signature="PasswordValidatorTest.noNumber()[pri:0, instance:PasswordValidatorTest@3d8314f0]" name="noNumber" class="PasswordValidatorTest"/>
        <method signature="PasswordValidatorTest.noSpecialCharacter()[pri:0, instance:PasswordValidatorTest@3d8314f0]" name="noSpecialCharacter" class="PasswordValidatorTest"/>
        <method signature="PasswordValidatorTest.noUppercaseLetter()[pri:0, instance:PasswordValidatorTest@3d8314f0]" name="noUppercaseLetter" class="PasswordValidatorTest"/>
      </group> <!-- complexity_validation -->
      <group name="happy_path">
        <method signature="LoginValidatorTest.validUsernameAndPassword()[pri:0, instance:LoginValidatorTest@1188e820]" name="validUsernameAndPassword" class="LoginValidatorTest"/>
        <method signature="PasswordValidatorTest.validPassword()[pri:0, instance:PasswordValidatorTest@3d8314f0]" name="validPassword" class="PasswordValidatorTest"/>
      </group> <!-- happy_path -->
      <group name="case_sensitivity">
        <method signature="LoginValidatorTest.usernameInAllCaps()[pri:0, instance:LoginValidatorTest@1188e820]" name="usernameInAllCaps" class="LoginValidatorTest"/>
        <method signature="LoginValidatorTest.usernameInMixedCase()[pri:0, instance:LoginValidatorTest@1188e820]" name="usernameInMixedCase" class="LoginValidatorTest"/>
      </group> <!-- case_sensitivity -->
    </groups>
    <test started-at="2026-02-27T17:24:53 UTC" name="Surefire test" finished-at="2026-02-27T17:24:53 UTC" duration-ms="106">
      <class name="LoginValidatorTest">
        <test-method signature="bothEmpty()[pri:0, instance:LoginValidatorTest@1188e820]" started-at="2026-02-27T17:24:53 UTC" name="bothEmpty" finished-at="2026-02-27T17:24:53 UTC" duration-ms="1" status="PASS">
          <reporter-output>
          </reporter-output>
        </test-method> <!-- bothEmpty -->
        <test-method signature="correctUsernameWrongPassword()[pri:0, instance:LoginValidatorTest@1188e820]" started-at="2026-02-27T17:24:53 UTC" name="correctUsernameWrongPassword" finished-at="2026-02-27T17:24:53 UTC" duration-ms="1" status="PASS">
          <reporter-output>
          </reporter-output>
        </test-method> <!-- correctUsernameWrongPassword -->
        <test-method signature="emptyPassword()[pri:0, instance:LoginValidatorTest@1188e820]" started-at="2026-02-27T17:24:53 UTC" name="emptyPassword" finished-at="2026-02-27T17:24:53 UTC" duration-ms="1" status="PASS">
          <reporter-output>
          </reporter-output>
        </test-method> <!-- emptyPassword -->
        <test-method signature="emptyUsername()[pri:0, instance:LoginValidatorTest@1188e820]" started-at="2026-02-27T17:24:53 UTC" name="emptyUsername" finished-at="2026-02-27T17:24:53 UTC" duration-ms="0" status="PASS">
          <reporter-output>
          </reporter-output>
        </test-method> <!-- emptyUsername -->
        <test-method signature="passwordTooShort()[pri:0, instance:LoginValidatorTest@1188e820]" started-at="2026-02-27T17:24:53 UTC" name="passwordTooShort" finished-at="2026-02-27T17:24:53 UTC" duration-ms="1" status="PASS">
          <reporter-output>
          </reporter-output>
        </test-method> <!-- passwordTooShort -->
        <test-method signature="usernameContainsInvalidCharacter()[pri:0, instance:LoginValidatorTest@1188e820]" started-at="2026-02-27T17:24:53 UTC" name="usernameContainsInvalidCharacter" finished-at="2026-02-27T17:24:53 UTC" duration-ms="1" status="PASS">
          <reporter-output>
          </reporter-output>
        </test-method> <!-- usernameContainsInvalidCharacter -->
        <test-method signature="sqlInjectionAttempt()[pri:0, instance:LoginValidatorTest@1188e820]" started-at="2026-02-27T17:24:53 UTC" name="sqlInjectionAttempt" finished-at="2026-02-27T17:24:53 UTC" duration-ms="0" status="PASS">
          <reporter-output>
          </reporter-output>
        </test-method> <!-- sqlInjectionAttempt -->
        <test-method signature="usernameContainsSpace()[pri:0, instance:LoginValidatorTest@1188e820]" started-at="2026-02-27T17:24:53 UTC" name="usernameContainsSpace" finished-at="2026-02-27T17:24:53 UTC" duration-ms="1" status="PASS">
          <reporter-output>
          </reporter-output>
        </test-method> <!-- usernameContainsSpace -->
        <test-method signature="usernameInAllCaps()[pri:0, instance:LoginValidatorTest@1188e820]" started-at="2026-02-27T17:24:53 UTC" name="usernameInAllCaps" finished-at="2026-02-27T17:24:53 UTC" duration-ms="1" status="PASS">
          <reporter-output>
          </reporter-output>
        </test-method> <!-- usernameInAllCaps -->
        <test-method signature="usernameInMixedCase()[pri:0, instance:LoginValidatorTest@1188e820]" started-at="2026-02-27T17:24:53 UTC" name="usernameInMixedCase" finished-at="2026-02-27T17:24:53 UTC" duration-ms="0" status="PASS">
          <reporter-output>
          </reporter-output>
        </test-method> <!-- usernameInMixedCase -->
        <test-method signature="usernameStartsWithSpecialCharacter()[pri:0, instance:LoginValidatorTest@1188e820]" started-at="2026-02-27T17:24:53 UTC" name="usernameStartsWithSpecialCharacter" finished-at="2026-02-27T17:24:53 UTC" duration-ms="0" status="PASS">
          <reporter-output>
          </reporter-output>
        </test-method> <!-- usernameStartsWithSpecialCharacter -->
        <test-method signature="usernameTooLong()[pri:0, instance:LoginValidatorTest@1188e820]" started-at="2026-02-27T17:24:53 UTC" name="usernameTooLong" finished-at="2026-02-27T17:24:53 UTC" duration-ms="0" status="PASS">
          <reporter-output>
          </reporter-output>
        </test-method> <!-- usernameTooLong -->
        <test-method signature="usernameTooShort()[pri:0, instance:LoginValidatorTest@1188e820]" started-at="2026-02-27T17:24:53 UTC" name="usernameTooShort" finished-at="2026-02-27T17:24:53 UTC" duration-ms="1" status="PASS">
          <reporter-output>
          </reporter-output>
        </test-method> <!-- usernameTooShort -->
        <test-method signature="validUsernameAndPassword()[pri:0, instance:LoginValidatorTest@1188e820]" started-at="2026-02-27T17:24:53 UTC" name="validUsernameAndPassword" finished-at="2026-02-27T17:24:53 UTC" duration-ms="0" status="PASS">
          <reporter-output>
          </reporter-output>
        </test-method> <!-- validUsernameAndPassword -->
        <test-method signature="wrongUsernameAndPassword()[pri:0, instance:LoginValidatorTest@1188e820]" started-at="2026-02-27T17:24:53 UTC" name="wrongUsernameAndPassword" finished-at="2026-02-27T17:24:53 UTC" duration-ms="2" status="PASS">
          <reporter-output>
          </reporter-output>
        </test-method> <!-- wrongUsernameAndPassword -->
        <test-method signature="wrongUsernameCorrectPassword()[pri:0, instance:LoginValidatorTest@1188e820]" started-at="2026-02-27T17:24:53 UTC" name="wrongUsernameCorrectPassword" finished-at="2026-02-27T17:24:53 UTC" duration-ms="0" status="PASS">
          <reporter-output>
          </reporter-output>
        </test-method> <!-- wrongUsernameCorrectPassword -->
      </class> <!-- LoginValidatorTest -->
      <class name="PasswordValidatorTest">
        <test-method signature="noLowercaseLetter()[pri:0, instance:PasswordValidatorTest@3d8314f0]" started-at="2026-02-27T17:24:53 UTC" name="noLowercaseLetter" finished-at="2026-02-27T17:24:53 UTC" duration-ms="8" status="PASS">
          <reporter-output>
          </reporter-output>
        </test-method> <!-- noLowercaseLetter -->
        <test-method signature="noNumber()[pri:0, instance:PasswordValidatorTest@3d8314f0]" started-at="2026-02-27T17:24:53 UTC" name="noNumber" finished-at="2026-02-27T17:24:53 UTC" duration-ms="0" status="PASS">
          <reporter-output>
          </reporter-output>
        </test-method> <!-- noNumber -->
        <test-method signature="noSpecialCharacter()[pri:0, instance:PasswordValidatorTest@3d8314f0]" started-at="2026-02-27T17:24:53 UTC" name="noSpecialCharacter" finished-at="2026-02-27T17:24:53 UTC" duration-ms="1" status="PASS">
          <reporter-output>
          </reporter-output>
        </test-method> <!-- noSpecialCharacter -->
        <test-method signature="noUppercaseLetter()[pri:0, instance:PasswordValidatorTest@3d8314f0]" started-at="2026-02-27T17:24:53 UTC" name="noUppercaseLetter" finished-at="2026-02-27T17:24:53 UTC" duration-ms="1" status="PASS">
          <reporter-output>
          </reporter-output>
        </test-method> <!-- noUppercaseLetter -->
        <test-method signature="passwordAtMinimumLength()[pri:0, instance:PasswordValidatorTest@3d8314f0]" started-at="2026-02-27T17:24:53 UTC" name="passwordAtMinimumLength" finished-at="2026-02-27T17:24:53 UTC" duration-ms="0" status="PASS">
          <reporter-output>
          </reporter-output>
        </test-method> <!-- passwordAtMinimumLength -->
        <test-method signature="passwordStartsWithSpecialCharacter()[pri:0, instance:PasswordValidatorTest@3d8314f0]" started-at="2026-02-27T17:24:53 UTC" name="passwordStartsWithSpecialCharacter" finished-at="2026-02-27T17:24:53 UTC" duration-ms="0" status="PASS">
          <reporter-output>
          </reporter-output>
        </test-method> <!-- passwordStartsWithSpecialCharacter -->
        <test-method signature="passwordTooLong()[pri:0, instance:PasswordValidatorTest@3d8314f0]" started-at="2026-02-27T17:24:53 UTC" name="passwordTooLong" finished-at="2026-02-27T17:24:53 UTC" duration-ms="0" status="PASS">
          <reporter-output>
          </reporter-output>
        </test-method> <!-- passwordTooLong -->
        <test-method signature="passwordTooShort()[pri:0, instance:PasswordValidatorTest@3d8314f0]" started-at="2026-02-27T17:24:53 UTC" name="passwordTooShort" finished-at="2026-02-27T17:24:53 UTC" duration-ms="1" status="PASS">
          <reporter-output>
          </reporter-output>
        </test-method> <!-- passwordTooShort -->
        <test-method signature="validPassword()[pri:0, instance:PasswordValidatorTest@3d8314f0]" started-at="2026-02-27T17:24:53 UTC" name="validPassword" finished-at="2026-02-27T17:24:53 UTC" duration-ms="0" status="PASS">
          <reporter-output>
          </reporter-output>
        </test-method> <!-- validPassword -->
      </class> <!-- PasswordValidatorTest -->
    </test> <!-- Surefire test -->
  </suite> <!-- Surefire suite -->
</testng-results>
