<?xml version="1.0" encoding="UTF-8"?>
<testsuite xmlns:xsi="http://www.w3.org/2001/XMLSchema-instance" xsi:noNamespaceSchemaLocation="https://maven.apache.org/surefire/maven-surefire-plugin/xsd/surefire-test-report.xsd" version="3.0.2" name="TestSuite" time="0.983" tests="42" errors="0" skipped="0" failures="0">
  <properties>
[...]
</properties>
  <testcase name="noLowercaseLetter" classname="PasswordValidatorTest" time="0.009">
    <system-err><![CDATA[SLF4J: Failed to load class "org.slf4j.impl.StaticLoggerBinder".
SLF4J: Defaulting to no-operation (NOP) logger implementation
SLF4J: See http://www.slf4j.org/codes.html#StaticLoggerBinder for further details.
]]></system-err>
  </testcase>
  <testcase name="noNumber" classname="PasswordValidatorTest" time="0.0"/>
  <testcase name="noSpecialCharacter" classname="PasswordValidatorTest" time="0.0"/>
  <testcase name="noUppercaseLetter" classname="PasswordValidatorTest" time="0.0"/>
  <testcase name="passwordAtMinimumLength" classname="PasswordValidatorTest" time="0.0"/>
  <testcase name="passwordStartsWithSpecialCharacter" classname="PasswordValidatorTest" time="0.0"/>
  <testcase name="passwordTooLong" classname="PasswordValidatorTest" time="0.0"/>
  <testcase name="passwordTooShort" classname="PasswordValidatorTest" time="0.0"/>
  <testcase name="validPassword" classname="PasswordValidatorTest" time="0.0"/>
  <testcase name="consecutiveDots" classname="EmailValidatorTest" time="0.003"/>
  <testcase name="emptyEmail" classname="EmailValidatorTest" time="0.0"/>
  <testcase name="extensionTooLong" classname="EmailValidatorTest" time="0.002"/>
  <testcase name="localPartStartsWithNumber" classname="EmailValidatorTest" time="0.0"/>
  <testcase name="localPartStartsWithSpecialCharacter" classname="EmailValidatorTest" time="0.0"/>
  <testcase name="missingDomain" classname="EmailValidatorTest" time="0.004"/>
  <testcase name="missingExtension" classname="EmailValidatorTest" time="0.0"/>
  <testcase name="missingLocalPart" classname="EmailValidatorTest" time="0.0"/>
  <testcase name="noDotBeforeExtension" classname="EmailValidatorTest" time="0.0"/>
  <testcase name="singleCharacterLocalPart" classname="EmailValidatorTest" time="0.0"/>
  <testcase name="spaceInDomain" classname="EmailValidatorTest" time="0.0"/>
  <testcase name="spaceInLocalPart" classname="EmailValidatorTest" time="0.001"/>
  <testcase name="twoAtSymbols" classname="EmailValidatorTest" time="0.0"/>
  <testcase name="validCoUkEmail" classname="EmailValidatorTest" time="0.004"/>
  <testcase name="validEmail" classname="EmailValidatorTest" time="0.0"/>
  <testcase name="validEmailWithSpecialChars" classname="EmailValidatorTest" time="0.0"/>
  <testcase name="validOrgEmail" classname="EmailValidatorTest" time="0.0"/>
  <testcase name="bothEmpty" classname="LoginValidatorTest" time="0.0"/>
  <testcase name="correctUsernameWrongPassword" classname="LoginValidatorTest" time="0.0"/>
  <testcase name="emptyPassword" classname="LoginValidatorTest" time="0.0"/>
  <testcase name="emptyUsername" classname="LoginValidatorTest" time="0.0"/>
  <testcase name="passwordTooShort" classname="LoginValidatorTest" time="0.0"/>
  <testcase name="sqlInjectionAttempt" classname="LoginValidatorTest" time="0.003"/>
  <testcase name="usernameContainsInvalidCharacter" classname="LoginValidatorTest" time="0.0"/>
  <testcase name="usernameContainsSpace" classname="LoginValidatorTest" time="0.0"/>
  <testcase name="usernameInAllCaps" classname="LoginValidatorTest" time="0.0"/>
  <testcase name="usernameInMixedCase" classname="LoginValidatorTest" time="0.001"/>
  <testcase name="usernameStartsWithSpecialCharacter" classname="LoginValidatorTest" time="0.004"/>
  <testcase name="usernameTooLong" classname="LoginValidatorTest" time="0.0"/>
  <testcase name="usernameTooShort" classname="LoginValidatorTest" time="0.0"/>
  <testcase name="validUsernameAndPassword" classname="LoginValidatorTest" time="0.003"/>
  <testcase name="wrongUsernameAndPassword" classname="LoginValidatorTest" time="0.003"/>
  <testcase name="wrongUsernameCorrectPassword" classname="LoginValidatorTest" time="0.002"/>
</testsuite>