<?xml version="1.0" encoding="UTF-8"?>
<!-- Generated by org.testng.reporters.JUnitReportReporter -->
<testsuite hostname="codespaces-3ad34d" failures="0" tests="17" name="EmailValidatorTest" time="0.016" errors="0" timestamp="2026-02-27T17:51:23 UTC" skipped="0">
  <testcase classname="EmailValidatorTest" name="emptyEmail" time="0.001"/>
  <testcase classname="EmailValidatorTest" name="localPartStartsWithNumber" time="0.001"/>
  <testcase classname="EmailValidatorTest" name="validEmail" time="0.002"/>
  <testcase classname="EmailValidatorTest" name="validEmailWithSpecialChars" time="0.001"/>
  <testcase classname="EmailValidatorTest" name="twoAtSymbols" time="0.000"/>
  <testcase classname="EmailValidatorTest" name="missingExtension" time="0.000"/>
  <testcase classname="EmailValidatorTest" name="spaceInLocalPart" time="0.001"/>
  <testcase classname="EmailValidatorTest" name="noDotBeforeExtension" time="0.000"/>
  <testcase classname="EmailValidatorTest" name="extensionTooLong" time="0.001"/>
  <testcase classname="EmailValidatorTest" name="missingDomain" time="0.001"/>
  <testcase classname="EmailValidatorTest" name="validCoUkEmail" time="0.001"/>
  <testcase classname="EmailValidatorTest" name="spaceInDomain" time="0.000"/>
  <testcase classname="EmailValidatorTest" name="localPartStartsWithSpecialCharacter" time="0.001"/>
  <testcase classname="EmailValidatorTest" name="missingLocalPart" time="0.002"/>
  <testcase classname="EmailValidatorTest" name="consecutiveDots" time="0.003"/>
  <testcase classname="EmailValidatorTest" name="singleCharacterLocalPart" time="0.000"/>
  <testcase classname="EmailValidatorTest" name="validOrgEmail" time="0.001"/>
</testsuite> <!-- EmailValidatorTest -->
