<?xml version="1.0" encoding="UTF-8"?>
<!-- Generated by org.testng.reporters.JUnitReportReporter -->
<testsuite hostname="codespaces-3ad34d" failures="0" tests="16" name="LoginValidatorTest" time="0.128" errors="0" timestamp="2026-02-27T17:18:12 UTC" skipped="0">
  <testcase classname="LoginValidatorTest" name="usernameContainsSpace" time="0.016"/>
  <testcase classname="LoginValidatorTest" name="usernameTooLong" time="0.001"/>
  <testcase classname="LoginValidatorTest" name="bothEmpty" time="0.077"/>
  <testcase classname="LoginValidatorTest" name="validUsernameAndPassword" time="0.000"/>
  <testcase classname="LoginValidatorTest" name="emptyPassword" time="0.001"/>
  <testcase classname="LoginValidatorTest" name="wrongUsernameCorrectPassword" time="0.001"/>
  <testcase classname="LoginValidatorTest" name="usernameInAllCaps" time="0.000"/>
  <testcase classname="LoginValidatorTest" name="sqlInjectionAttempt" time="0.006"/>
  <testcase classname="LoginValidatorTest" name="wrongUsernameAndPassword" time="0.000"/>
  <testcase classname="LoginValidatorTest" name="passwordTooShort" time="0.007"/>
  <testcase classname="LoginValidatorTest" name="correctUsernameWrongPassword" time="0.015"/>
  <testcase classname="LoginValidatorTest" name="usernameContainsInvalidCharacter" time="0.002"/>
  <testcase classname="LoginValidatorTest" name="usernameStartsWithSpecialCharacter" time="0.001"/>
  <testcase classname="LoginValidatorTest" name="emptyUsername" time="0.001"/>
  <testcase classname="LoginValidatorTest" name="usernameInMixedCase" time="0.000"/>
  <testcase classname="LoginValidatorTest" name="usernameTooShort" time="0.000"/>
</testsuite> <!-- LoginValidatorTest -->
