<?xml version="1.0" encoding="UTF-8"?>
<!-- Generated by org.testng.reporters.JUnitReportReporter -->
<testsuite hostname="codespaces-3ad34d" failures="0" tests="9" name="PasswordValidatorTest" time="0.011" errors="0" timestamp="2026-02-27T17:24:53 UTC" skipped="0">
  <testcase classname="PasswordValidatorTest" name="noUppercaseLetter" time="0.001"/>
  <testcase classname="PasswordValidatorTest" name="validPassword" time="0.000"/>
  <testcase classname="PasswordValidatorTest" name="passwordTooShort" time="0.001"/>
  <testcase classname="PasswordValidatorTest" name="passwordAtMinimumLength" time="0.000"/>
  <testcase classname="PasswordValidatorTest" name="passwordStartsWithSpecialCharacter" time="0.000"/>
  <testcase classname="PasswordValidatorTest" name="noNumber" time="0.000"/>
  <testcase classname="PasswordValidatorTest" name="passwordTooLong" time="0.000"/>
  <testcase classname="PasswordValidatorTest" name="noLowercaseLetter" time="0.008"/>
  <testcase classname="PasswordValidatorTest" name="noSpecialCharacter" time="0.001"/>
</testsuite> <!-- PasswordValidatorTest -->
